<?xml version="1.0" encoding="UTF-8"?>
<!-- Generated by org.testng.reporters.JUnitXMLReporter -->
<testsuite ignored="1" hostname="DELL" failures="0" tests="1" name="Test" time="0.651" errors="0" timestamp="2022-12-23T16:25:07 IST">
  <testcase classname="vTiger.GenericUtilities.BaseClass" name="@BeforeMethod bmconfig" time="0.049">
    <failure type="java.lang.NullPointerException" message="Cannot invoke &amp;quot;org.openqa.selenium.SearchContext.findElement(org.openqa.selenium.By)&amp;quot; because &amp;quot;this.searchContext&amp;quot; is null">
      <![CDATA[java.lang.NullPointerException: Cannot invoke "org.openqa.selenium.SearchContext.findElement(org.openqa.selenium.By)" because "this.searchContext" is null
at org.openqa.selenium.support.pagefactory.DefaultElementLocator.findElement(DefaultElementLocator.java:70)
at org.openqa.selenium.support.pagefactory.internal.LocatingElementHandler.invoke(LocatingElementHandler.java:39)
at jdk.proxy2/jdk.proxy2.$Proxy18.sendKeys(Unknown Source)
at vTiger.ObjectRepository.LoginPage.loginToApp(LoginPage.java:51)
at vTiger.GenericUtilities.BaseClass.bmconfig(BaseClass.java:84)
at java.base/java.util.ArrayList.forEach(ArrayList.java:1511)
... Removed 31 stack frames]]>
    </failure>
  </testcase> <!-- @BeforeMethod bmconfig -->
  <testcase classname="vTiger.GenericUtilities.BaseClass" name="@AfterMethod amconfig" time="-1.671792907132E9">
    <skipped/>
  </testcase> <!-- @AfterMethod amconfig -->
  <testcase classname="vTiger.ContactsTests.CreateContactWithOrganizationsTest" name="createContactWithOrgTest" time="0.0">
    <skipped/>
  </testcase> <!-- createContactWithOrgTest -->
  <testcase classname="vTiger.ContactsTests.CreateContactWithOrganizationsTest" name="DemoTest" time="0.0">
    <ignored/>
  </testcase> <!-- DemoTest -->
</testsuite> <!-- Test -->
