<?xml version="1.0" encoding="UTF-8"?>
<testng-results ignored="0" total="7" passed="6" failed="1" skipped="0">
  <reporter-output>
  </reporter-output>
  <suite started-at="2022-12-23T17:53:49 IST" name="Default suite" finished-at="2022-12-23T17:55:42 IST" duration-ms="112855">
    <groups>
    </groups>
    <test started-at="2022-12-23T17:53:49 IST" name="Default test" finished-at="2022-12-23T17:55:42 IST" duration-ms="112855">
      <class name="vTiger.ContactsTests.CreateMultipleOrganizationTest">
        <test-method is-config="true" signature="bsconfig()[pri:0, instance:vTiger.ContactsTests.CreateMultipleOrganizationTest@131774fe]" started-at="2022-12-23T17:53:49 IST" name="bsconfig" finished-at="2022-12-23T17:53:49 IST" duration-ms="9" status="PASS">
          <reporter-output>
          </reporter-output>
        </test-method> <!-- bsconfig -->
        <test-method is-config="true" signature="bcconfig()[pri:0, instance:vTiger.ContactsTests.CreateMultipleOrganizationTest@131774fe]" started-at="2022-12-23T17:53:49 IST" name="bcconfig" finished-at="2022-12-23T17:53:59 IST" duration-ms="9865" status="PASS">
          <reporter-output>
          </reporter-output>
        </test-method> <!-- bcconfig -->
        <test-method is-config="true" signature="bmconfig()[pri:0, instance:vTiger.ContactsTests.CreateMultipleOrganizationTest@131774fe]" started-at="2022-12-23T17:54:00 IST" name="bmconfig" finished-at="2022-12-23T17:54:04 IST" duration-ms="4461" status="PASS">
          <reporter-output>
          </reporter-output>
        </test-method> <!-- bmconfig -->
        <test-method signature="createMultipleOrg(java.lang.String,java.lang.String)[pri:0, instance:vTiger.ContactsTests.CreateMultipleOrganizationTest@131774fe]" started-at="2022-12-23T17:54:04 IST" name="createMultipleOrg" data-provider="OrgData" finished-at="2022-12-23T17:54:11 IST" duration-ms="6634" status="PASS">
          <params>
            <param index="0">
              <value>
                <![CDATA[Wipro]]>
              </value>
            </param>
            <param index="1">
              <value>
                <![CDATA[Apparel]]>
              </value>
            </param>
          </params>
          <reporter-output>
          </reporter-output>
        </test-method> <!-- createMultipleOrg -->
        <test-method is-config="true" signature="amconfig()[pri:0, instance:vTiger.ContactsTests.CreateMultipleOrganizationTest@131774fe]" started-at="2022-12-23T17:54:11 IST" name="amconfig" finished-at="2022-12-23T17:54:13 IST" duration-ms="2231" status="PASS">
          <reporter-output>
          </reporter-output>
        </test-method> <!-- amconfig -->
        <test-method is-config="true" signature="bmconfig()[pri:0, instance:vTiger.ContactsTests.CreateMultipleOrganizationTest@131774fe]" started-at="2022-12-23T17:54:13 IST" name="bmconfig" finished-at="2022-12-23T17:54:15 IST" duration-ms="2079" status="PASS">
          <reporter-output>
          </reporter-output>
        </test-method> <!-- bmconfig -->
        <test-method signature="createMultipleOrg(java.lang.String,java.lang.String)[pri:0, instance:vTiger.ContactsTests.CreateMultipleOrganizationTest@131774fe]" started-at="2022-12-23T17:54:15 IST" name="createMultipleOrg" data-provider="OrgData" finished-at="2022-12-23T17:54:22 IST" duration-ms="6553" status="PASS">
          <params>
            <param index="0">
              <value>
                <![CDATA[Infy]]>
              </value>
            </param>
            <param index="1">
              <value>
                <![CDATA[Chemicals]]>
              </value>
            </param>
          </params>
          <reporter-output>
          </reporter-output>
        </test-method> <!-- createMultipleOrg -->
        <test-method is-config="true" signature="amconfig()[pri:0, instance:vTiger.ContactsTests.CreateMultipleOrganizationTest@131774fe]" started-at="2022-12-23T17:54:22 IST" name="amconfig" finished-at="2022-12-23T17:54:24 IST" duration-ms="2541" status="PASS">
          <reporter-output>
          </reporter-output>
        </test-method> <!-- amconfig -->
        <test-method is-config="true" signature="bmconfig()[pri:0, instance:vTiger.ContactsTests.CreateMultipleOrganizationTest@131774fe]" started-at="2022-12-23T17:54:24 IST" name="bmconfig" finished-at="2022-12-23T17:54:27 IST" duration-ms="2708" status="PASS">
          <reporter-output>
          </reporter-output>
        </test-method> <!-- bmconfig -->
        <test-method signature="createMultipleOrg(java.lang.String,java.lang.String)[pri:0, instance:vTiger.ContactsTests.CreateMultipleOrganizationTest@131774fe]" started-at="2022-12-23T17:54:27 IST" name="createMultipleOrg" data-provider="OrgData" finished-at="2022-12-23T17:54:36 IST" duration-ms="8925" status="PASS">
          <params>
            <param index="0">
              <value>
                <![CDATA[PWC]]>
              </value>
            </param>
            <param index="1">
              <value>
                <![CDATA[Banking]]>
              </value>
            </param>
          </params>
          <reporter-output>
          </reporter-output>
        </test-method> <!-- createMultipleOrg -->
        <test-method is-config="true" signature="amconfig()[pri:0, instance:vTiger.ContactsTests.CreateMultipleOrganizationTest@131774fe]" started-at="2022-12-23T17:54:36 IST" name="amconfig" finished-at="2022-12-23T17:54:37 IST" duration-ms="1157" status="PASS">
          <reporter-output>
          </reporter-output>
        </test-method> <!-- amconfig -->
        <test-method is-config="true" signature="bmconfig()[pri:0, instance:vTiger.ContactsTests.CreateMultipleOrganizationTest@131774fe]" started-at="2022-12-23T17:54:37 IST" name="bmconfig" finished-at="2022-12-23T17:54:39 IST" duration-ms="2434" status="PASS">
          <reporter-output>
          </reporter-output>
        </test-method> <!-- bmconfig -->
        <test-method signature="createMultipleOrg(java.lang.String,java.lang.String)[pri:0, instance:vTiger.ContactsTests.CreateMultipleOrganizationTest@131774fe]" started-at="2022-12-23T17:54:39 IST" name="createMultipleOrg" data-provider="OrgData" finished-at="2022-12-23T17:54:47 IST" duration-ms="7581" status="PASS">
          <params>
            <param index="0">
              <value>
                <![CDATA[LT]]>
              </value>
            </param>
            <param index="1">
              <value>
                <![CDATA[Banking]]>
              </value>
            </param>
          </params>
          <reporter-output>
          </reporter-output>
        </test-method> <!-- createMultipleOrg -->
        <test-method is-config="true" signature="amconfig()[pri:0, instance:vTiger.ContactsTests.CreateMultipleOrganizationTest@131774fe]" started-at="2022-12-23T17:54:47 IST" name="amconfig" finished-at="2022-12-23T17:54:48 IST" duration-ms="1084" status="PASS">
          <reporter-output>
          </reporter-output>
        </test-method> <!-- amconfig -->
        <test-method is-config="true" signature="bmconfig()[pri:0, instance:vTiger.ContactsTests.CreateMultipleOrganizationTest@131774fe]" started-at="2022-12-23T17:54:48 IST" name="bmconfig" finished-at="2022-12-23T17:54:50 IST" duration-ms="1955" status="PASS">
          <reporter-output>
          </reporter-output>
        </test-method> <!-- bmconfig -->
        <test-method signature="createMultipleOrg(java.lang.String,java.lang.String)[pri:0, instance:vTiger.ContactsTests.CreateMultipleOrganizationTest@131774fe]" started-at="2022-12-23T17:54:50 IST" name="createMultipleOrg" data-provider="OrgData" finished-at="2022-12-23T17:54:58 IST" duration-ms="7696" status="PASS">
          <params>
            <param index="0">
              <value>
                <![CDATA[Amdocs]]>
              </value>
            </param>
            <param index="1">
              <value>
                <![CDATA[Chemicals]]>
              </value>
            </param>
          </params>
          <reporter-output>
          </reporter-output>
        </test-method> <!-- createMultipleOrg -->
        <test-method is-config="true" signature="amconfig()[pri:0, instance:vTiger.ContactsTests.CreateMultipleOrganizationTest@131774fe]" started-at="2022-12-23T17:54:58 IST" name="amconfig" finished-at="2022-12-23T17:54:59 IST" duration-ms="1176" status="PASS">
          <reporter-output>
          </reporter-output>
        </test-method> <!-- amconfig -->
        <test-method is-config="true" signature="bmconfig()[pri:0, instance:vTiger.ContactsTests.CreateMultipleOrganizationTest@131774fe]" started-at="2022-12-23T17:54:59 IST" name="bmconfig" finished-at="2022-12-23T17:55:01 IST" duration-ms="1969" status="PASS">
          <reporter-output>
          </reporter-output>
        </test-method> <!-- bmconfig -->
        <test-method signature="createMultipleOrg(java.lang.String,java.lang.String)[pri:0, instance:vTiger.ContactsTests.CreateMultipleOrganizationTest@131774fe]" started-at="2022-12-23T17:55:01 IST" name="createMultipleOrg" data-provider="OrgData" finished-at="2022-12-23T17:55:26 IST" duration-ms="25076" status="FAIL">
          <params>
            <param index="0">
              <value>
                <![CDATA[Amazon]]>
              </value>
            </param>
            <param index="1">
              <value>
                <![CDATA[Const]]>
              </value>
            </param>
          </params>
          <exception class="org.openqa.selenium.NoSuchElementException">
            <message>
              <![CDATA[Cannot locate option with value: Const
For documentation on this error, please visit: https://selenium.dev/exceptions/#no_such_element
Build info: version: '4.4.0', revision: 'e5c75ed026a'
System info: host: 'DELL', ip: '192.168.126.1', os.name: 'Windows 8.1', os.arch: 'amd64', os.version: '6.3', java.version: '17.0.5'
Driver info: driver.version: unknown]]>
            </message>
            <full-stacktrace>
              <![CDATA[org.openqa.selenium.NoSuchElementException: Cannot locate option with value: Const
For documentation on this error, please visit: https://selenium.dev/exceptions/#no_such_element
Build info: version: '4.4.0', revision: 'e5c75ed026a'
System info: host: 'DELL', ip: '192.168.126.1', os.name: 'Windows 8.1', os.arch: 'amd64', os.version: '6.3', java.version: '17.0.5'
Driver info: driver.version: unknown
at org.openqa.selenium.support.ui.Select.findOptionsByValue(Select.java:287)
at org.openqa.selenium.support.ui.Select.selectByValue(Select.java:190)
at vTiger.GenericUtilities.WebDriverUtility.handleDropDown(WebDriverUtility.java:122)
at vTiger.ObjectRepository.CreateNewOrganizationPage.createNewOrganization(CreateNewOrganizationPage.java:57)
at vTiger.ContactsTests.CreateMultipleOrganizationTest.createMultipleOrg(CreateMultipleOrganizationTest.java:47)
at java.base/jdk.internal.reflect.NativeMethodAccessorImpl.invoke0(Native Method)
at java.base/jdk.internal.reflect.NativeMethodAccessorImpl.invoke(NativeMethodAccessorImpl.java:77)
at java.base/jdk.internal.reflect.DelegatingMethodAccessorImpl.invoke(DelegatingMethodAccessorImpl.java:43)
at java.base/java.lang.reflect.Method.invoke(Method.java:568)
at org.testng.internal.MethodInvocationHelper.invokeMethod(MethodInvocationHelper.java:133)
at org.testng.internal.TestInvoker.invokeMethod(TestInvoker.java:598)
at org.testng.internal.TestInvoker.invokeTestMethod(TestInvoker.java:173)
at org.testng.internal.MethodRunner.runInSequence(MethodRunner.java:46)
at org.testng.internal.TestInvoker$MethodInvocationAgent.invoke(TestInvoker.java:824)
at org.testng.internal.TestInvoker.invokeTestMethods(TestInvoker.java:146)
at org.testng.internal.TestMethodWorker.invokeTestMethods(TestMethodWorker.java:146)
at org.testng.internal.TestMethodWorker.run(TestMethodWorker.java:128)
at java.base/java.util.ArrayList.forEach(ArrayList.java:1511)
at org.testng.TestRunner.privateRun(TestRunner.java:794)
at org.testng.TestRunner.run(TestRunner.java:596)
at org.testng.SuiteRunner.runTest(SuiteRunner.java:377)
at org.testng.SuiteRunner.runSequentially(SuiteRunner.java:371)
at org.testng.SuiteRunner.privateRun(SuiteRunner.java:332)
at org.testng.SuiteRunner.run(SuiteRunner.java:276)
at org.testng.SuiteRunnerWorker.runSuite(SuiteRunnerWorker.java:53)
at org.testng.SuiteRunnerWorker.run(SuiteRunnerWorker.java:96)
at org.testng.TestNG.runSuitesSequentially(TestNG.java:1212)
at org.testng.TestNG.runSuitesLocally(TestNG.java:1134)
at org.testng.TestNG.runSuites(TestNG.java:1063)
at org.testng.TestNG.run(TestNG.java:1031)
at org.testng.remote.AbstractRemoteTestNG.run(AbstractRemoteTestNG.java:115)
at org.testng.remote.RemoteTestNG.initAndRun(RemoteTestNG.java:251)
at org.testng.remote.RemoteTestNG.main(RemoteTestNG.java:77)
]]>
            </full-stacktrace>
          </exception> <!-- org.openqa.selenium.NoSuchElementException -->
          <reporter-output>
          </reporter-output>
        </test-method> <!-- createMultipleOrg -->
        <test-method is-config="true" signature="amconfig()[pri:0, instance:vTiger.ContactsTests.CreateMultipleOrganizationTest@131774fe]" started-at="2022-12-23T17:55:26 IST" name="amconfig" finished-at="2022-12-23T17:55:28 IST" duration-ms="1677" status="PASS">
          <reporter-output>
          </reporter-output>
        </test-method> <!-- amconfig -->
        <test-method is-config="true" signature="bmconfig()[pri:0, instance:vTiger.ContactsTests.CreateMultipleOrganizationTest@131774fe]" started-at="2022-12-23T17:55:28 IST" name="bmconfig" finished-at="2022-12-23T17:55:30 IST" duration-ms="2486" status="PASS">
          <reporter-output>
          </reporter-output>
        </test-method> <!-- bmconfig -->
        <test-method signature="createMultipleOrg(java.lang.String,java.lang.String)[pri:0, instance:vTiger.ContactsTests.CreateMultipleOrganizationTest@131774fe]" started-at="2022-12-23T17:55:30 IST" name="createMultipleOrg" data-provider="OrgData" finished-at="2022-12-23T17:55:39 IST" duration-ms="8779" status="PASS">
          <params>
            <param index="0">
              <value>
                <![CDATA[Lumen]]>
              </value>
            </param>
            <param index="1">
              <value>
                <![CDATA[Energy]]>
              </value>
            </param>
          </params>
          <reporter-output>
          </reporter-output>
        </test-method> <!-- createMultipleOrg -->
        <test-method is-config="true" signature="amconfig()[pri:0, instance:vTiger.ContactsTests.CreateMultipleOrganizationTest@131774fe]" started-at="2022-12-23T17:55:39 IST" name="amconfig" finished-at="2022-12-23T17:55:40 IST" duration-ms="1269" status="PASS">
          <reporter-output>
          </reporter-output>
        </test-method> <!-- amconfig -->
        <test-method is-config="true" signature="afconfig()[pri:0, instance:vTiger.ContactsTests.CreateMultipleOrganizationTest@131774fe]" started-at="2022-12-23T17:55:40 IST" name="afconfig" finished-at="2022-12-23T17:55:42 IST" duration-ms="1543" status="PASS">
          <reporter-output>
          </reporter-output>
        </test-method> <!-- afconfig -->
        <test-method is-config="true" signature="ascongif()[pri:0, instance:vTiger.ContactsTests.CreateMultipleOrganizationTest@131774fe]" started-at="2022-12-23T17:55:42 IST" name="ascongif" finished-at="2022-12-23T17:55:42 IST" duration-ms="1" status="PASS">
          <reporter-output>
          </reporter-output>
        </test-method> <!-- ascongif -->
      </class> <!-- vTiger.ContactsTests.CreateMultipleOrganizationTest -->
    </test> <!-- Default test -->
  </suite> <!-- Default suite -->
</testng-results>
